<?xml version="1.0" encoding="UTF-8"?>
<testsuites tests="0" failures="0" time="8.758">
  <testsuite tests="0" failures="0" time="2.395" name="github.com/weaveworks/weave-gitops-enterprise/cmd/clusters-service/app">
    <properties>
      <property name="go.version" value="go1.20.8"/>
      <property name="coverage.statements.pct" value="53.4"/>
    </properties>
    <properties>
      <property name="go.version" value="go1.20.8"/>
      <property name="coverage.statements.pct" value="53.4"/>
    </properties>
  </testsuite>
  <testsuite tests="0" failures="0" time="0.093" name="github.com/weaveworks/weave-gitops-enterprise/cmd/clusters-service/pkg/charts">
    <properties>
      <property name="go.version" value="go1.20.8"/>
      <property name="coverage.statements.pct" value="93.1"/>
    </properties>
    <properties>
      <property name="go.version" value="go1.20.8"/>
      <property name="coverage.statements.pct" value="93.1"/>
    </properties>
  </testsuite>
  <testsuite tests="0" failures="0" time="0.035" name="github.com/weaveworks/weave-gitops-enterprise/cmd/clusters-service/pkg/credentials">
    <properties>
      <property name="go.version" value="go1.20.8"/>
      <property name="coverage.statements.pct" value="70.2"/>
    </properties>
    <properties>
      <property name="go.version" value="go1.20.8"/>
      <property name="coverage.statements.pct" value="70.2"/>
    </properties>
  </testsuite>
  <testsuite tests="0" failures="0" time="0.031" name="github.com/weaveworks/weave-gitops-enterprise/cmd/clusters-service/pkg/mgmtfetcher">
    <properties>
      <property name="go.version" value="go1.20.8"/>
      <property name="coverage.statements.pct" value="80.0"/>
    </properties>
    <properties>
      <property name="go.version" value="go1.20.8"/>
      <property name="coverage.statements.pct" value="80.0"/>
    </properties>
  </testsuite>
  <testsuite tests="0" failures="0" time="8.758" name="github.com/weaveworks/weave-gitops-enterprise/cmd/clusters-service/pkg/server">
    <properties>
      <property name="go.version" value="go1.20.8"/>
      <property name="coverage.statements.pct" value="79.0"/>
    </properties>
    <properties>
      <property name="go.version" value="go1.20.8"/>
      <property name="coverage.statements.pct" value="79.0"/>
    </properties>
  </testsuite>
  <testsuite tests="0" failures="0" time="0.102" name="github.com/weaveworks/weave-gitops-enterprise/cmd/clusters-service/pkg/templates">
    <properties>
      <property name="go.version" value="go1.20.8"/>
      <property name="coverage.statements.pct" value="86.5"/>
    </properties>
    <properties>
      <property name="go.version" value="go1.20.8"/>
      <property name="coverage.statements.pct" value="86.5"/>
    </properties>
  </testsuite>
  <testsuite tests="0" failures="0" time="0.023" name="github.com/weaveworks/weave-gitops-enterprise/common/entitlement">
    <properties>
      <property name="go.version" value="go1.20.8"/>
      <property name="coverage.statements.pct" value="82.9"/>
    </properties>
  </testsuite>
  <testsuite tests="0" failures="0" time="1.958" name="github.com/weaveworks/weave-gitops-enterprise/cmd/gitops/app/add/clusters">
    <properties>
      <property name="go.version" value="go1.20.8"/>
      <property name="coverage.statements.pct" value="88.1"/>
    </properties>
  </testsuite>
  <testsuite tests="0" failures="0" time="0.758" name="github.com/weaveworks/weave-gitops-enterprise/cmd/gitops/app/add/profiles">
    <properties>
      <property name="go.version" value="go1.20.8"/>
      <property name="coverage.statements.pct" value="72.1"/>
    </properties>
  </testsuite>
  <testsuite tests="0" failures="0" time="0.733" name="github.com/weaveworks/weave-gitops-enterprise/cmd/gitops/app/add/terraform">
    <properties>
      <property name="go.version" value="go1.20.8"/>
      <property name="coverage.statements.pct" value="92.9"/>
    </properties>
  </testsuite>
  <testsuite tests="0" failures="0" time="0.091" name="github.com/weaveworks/weave-gitops-enterprise/cmd/gitops/app/create/templates">
    <properties>
      <property name="go.version" value="go1.20.8"/>
      <property name="coverage.statements.pct" value="73.8"/>
    </properties>
  </testsuite>
  <testsuite tests="0" failures="0" time="0.034" name="github.com/weaveworks/weave-gitops-enterprise/cmd/gitops/app/create/tenants">
    <properties>
      <property name="go.version" value="go1.20.8"/>
      <property name="coverage.statements.pct" value="30.0"/>
    </properties>
  </testsuite>
  <testsuite tests="0" failures="0" time="0.726" name="github.com/weaveworks/weave-gitops-enterprise/cmd/gitops/app/delete/clusters">
    <properties>
      <property name="go.version" value="go1.20.8"/>
      <property name="coverage.statements.pct" value="92.0"/>
    </properties>
  </testsuite>
  <testsuite tests="0" failures="0" time="0.444" name="github.com/weaveworks/weave-gitops-enterprise/cmd/gitops/app/get/clusters">
    <properties>
      <property name="go.version" value="go1.20.8"/>
      <property name="coverage.statements.pct" value="80.0"/>
    </properties>
  </testsuite>
  <testsuite tests="0" failures="0" time="0.270" name="github.com/weaveworks/weave-gitops-enterprise/cmd/gitops/app/get/credentials">
    <properties>
      <property name="go.version" value="go1.20.8"/>
      <property name="coverage.statements.pct" value="46.2"/>
    </properties>
  </testsuite>
  <testsuite tests="0" failures="0" time="0.557" name="github.com/weaveworks/weave-gitops-enterprise/cmd/gitops/app/get/templates">
    <properties>
      <property name="go.version" value="go1.20.8"/>
      <property name="coverage.statements.pct" value="63.6"/>
    </properties>
  </testsuite>
  <testsuite tests="0" failures="0" time="0.351" name="github.com/weaveworks/weave-gitops-enterprise/cmd/gitops/app/get/templates/terraform">
    <properties>
      <property name="go.version" value="go1.20.8"/>
      <property name="coverage.statements.pct" value="76.2"/>
    </properties>
  </testsuite>
  <testsuite tests="0" failures="0" time="0.298" name="github.com/weaveworks/weave-gitops-enterprise/cmd/gitops/app/root">
    <properties>
      <property name="go.version" value="go1.20.8"/>
      <property name="coverage.statements.pct" value="77.2"/>
    </properties>
  </testsuite>
  <testsuite tests="0" failures="0" time="0.505" name="github.com/weaveworks/weave-gitops-enterprise/cmd/gitops/app/update/profiles">
    <properties>
      <property name="go.version" value="go1.20.8"/>
      <property name="coverage.statements.pct" value="77.8"/>
    </properties>
  </testsuite>
  <testsuite tests="0" failures="0" time="0.046" name="github.com/weaveworks/weave-gitops-enterprise/cmd/gitops/internal">
    <properties>
      <property name="go.version" value="go1.20.8"/>
      <property name="coverage.statements.pct" value="66.7"/>
    </properties>
  </testsuite>
  <testsuite tests="0" failures="0" time="0.061" name="github.com/weaveworks/weave-gitops-enterprise/cmd/gitops/pkg/adapters">
    <properties>
      <property name="go.version" value="go1.20.8"/>
      <property name="coverage.statements.pct" value="69.3"/>
    </properties>
  </testsuite>
  <testsuite tests="0" failures="0" time="0.005" name="github.com/weaveworks/weave-gitops-enterprise/cmd/gitops/pkg/clusters">
    <properties>
      <property name="go.version" value="go1.20.8"/>
      <property name="coverage.statements.pct" value="85.0"/>
    </properties>
  </testsuite>
  <testsuite tests="0" failures="0" time="0.050" name="github.com/weaveworks/weave-gitops-enterprise/cmd/gitops/pkg/templates">
    <properties>
      <property name="go.version" value="go1.20.8"/>
      <property name="coverage.statements.pct" value="75.1"/>
    </properties>
  </testsuite>
  <testsuite tests="0" failures="0" time="0.032" name="github.com/weaveworks/weave-gitops-enterprise/cmd/gitops/pkg/upgrade">
    <properties>
      <property name="go.version" value="go1.20.8"/>
      <property name="coverage.statements.pct" value="74.5"/>
    </properties>
  </testsuite>
  <testsuite tests="0" failures="0" time="3.021" name="github.com/weaveworks/weave-gitops-enterprise/pkg/cluster/connector">
    <properties>
      <property name="go.version" value="go1.20.8"/>
      <property name="coverage.statements.pct" value="59.8"/>
    </properties>
  </testsuite>
  <testsuite tests="0" failures="0" time="0.047" name="github.com/weaveworks/weave-gitops-enterprise/pkg/cluster/fetcher">
    <properties>
      <property name="go.version" value="go1.20.8"/>
      <property name="coverage.statements.pct" value="73.7"/>
    </properties>
  </testsuite>
  <testsuite tests="0" failures="0" time="0.024" name="github.com/weaveworks/weave-gitops-enterprise/pkg/cluster/namespaces">
    <properties>
      <property name="go.version" value="go1.20.8"/>
      <property name="coverage.statements.pct" value="86.0"/>
    </properties>
  </testsuite>
  <testsuite tests="0" failures="0" time="0.017" name="github.com/weaveworks/weave-gitops-enterprise/pkg/estimation">
    <properties>
      <property name="go.version" value="go1.20.8"/>
      <property name="coverage.statements.pct" value="72.4"/>
    </properties>
  </testsuite>
  <testsuite tests="0" failures="0" time="0.009" name="github.com/weaveworks/weave-gitops-enterprise/pkg/git">
    <properties>
      <property name="go.version" value="go1.20.8"/>
      <property name="coverage.statements.pct" value="8.7"/>
    </properties>
  </testsuite>
  <testsuite tests="0" failures="0" time="0.153" name="github.com/weaveworks/weave-gitops-enterprise/pkg/gitauth/server">
    <properties>
      <property name="go.version" value="go1.20.8"/>
      <property name="coverage.statements.pct" value="83.2"/>
    </properties>
  </testsuite>
  <testsuite tests="0" failures="0" time="0.015" name="github.com/weaveworks/weave-gitops-enterprise/pkg/gitauth/server/gitproviders">
    <properties>
      <property name="go.version" value="go1.20.8"/>
      <property name="coverage.statements.pct" value="84.4"/>
    </properties>
  </testsuite>
  <testsuite tests="0" failures="0" time="2.063" name="github.com/weaveworks/weave-gitops-enterprise/pkg/gitopssets/server">
    <properties>
      <property name="go.version" value="go1.20.8"/>
      <property name="coverage.statements.pct" value="64.0"/>
    </properties>
  </testsuite>
  <testsuite tests="0" failures="0" time="1.058" name="github.com/weaveworks/weave-gitops-enterprise/pkg/helm">
    <properties>
      <property name="go.version" value="go1.20.8"/>
      <property name="coverage.statements.pct" value="74.8"/>
    </properties>
  </testsuite>
  <testsuite tests="0" failures="0" time="0.074" name="github.com/weaveworks/weave-gitops-enterprise/pkg/helm/indexer">
    <properties>
      <property name="go.version" value="go1.20.8"/>
      <property name="coverage.statements.pct" value="81.8"/>
    </properties>
  </testsuite>
  <testsuite tests="0" failures="0" time="0.044" name="github.com/weaveworks/weave-gitops-enterprise/pkg/helm/multiwatcher/controller">
    <properties>
      <property name="go.version" value="go1.20.8"/>
      <property name="coverage.statements.pct" value="91.6"/>
    </properties>
  </testsuite>
  <testsuite tests="0" failures="0" time="0.033" name="github.com/weaveworks/weave-gitops-enterprise/pkg/metrics">
    <properties>
      <property name="go.version" value="go1.20.8"/>
      <property name="coverage.statements.pct" value="100.0"/>
    </properties>
  </testsuite>
  <testsuite tests="0" failures="0" time="0.007" name="github.com/weaveworks/weave-gitops-enterprise/pkg/pipelines/internal/convert">
    <properties>
      <property name="go.version" value="go1.20.8"/>
      <property name="coverage.statements.pct" value="61.1"/>
    </properties>
  </testsuite>
  <testsuite tests="0" failures="0" time="0.056" name="github.com/weaveworks/weave-gitops-enterprise/pkg/pipelines/server">
    <properties>
      <property name="go.version" value="go1.20.8"/>
      <property name="coverage.statements.pct" value="76.1"/>
    </properties>
  </testsuite>
  <testsuite tests="0" failures="0" time="0.649" name="github.com/weaveworks/weave-gitops-enterprise/pkg/query">
    <properties>
      <property name="go.version" value="go1.20.8"/>
      <property name="coverage.statements.pct" value="78.8"/>
    </properties>
  </testsuite>
  <testsuite tests="0" failures="0" time="0.030" name="github.com/weaveworks/weave-gitops-enterprise/pkg/query/cleaner">
    <properties>
      <property name="go.version" value="go1.20.8"/>
      <property name="coverage.statements.pct" value="48.4"/>
    </properties>
  </testsuite>
  <testsuite tests="0" failures="0" time="2.143" name="github.com/weaveworks/weave-gitops-enterprise/pkg/query/collector">
    <properties>
      <property name="go.version" value="go1.20.8"/>
      <property name="coverage.statements.pct" value="72.5"/>
    </properties>
  </testsuite>
  <testsuite tests="0" failures="0" time="0.029" name="github.com/weaveworks/weave-gitops-enterprise/pkg/query/collector/reconciler">
    <properties>
      <property name="go.version" value="go1.20.8"/>
      <property name="coverage.statements.pct" value="90.0"/>
    </properties>
  </testsuite>
  <testsuite tests="0" failures="0" time="0.024" name="github.com/weaveworks/weave-gitops-enterprise/pkg/query/configuration">
    <properties>
      <property name="go.version" value="go1.20.8"/>
      <property name="coverage.statements.pct" value="32.1"/>
    </properties>
  </testsuite>
  <testsuite tests="0" failures="0" time="0.024" name="github.com/weaveworks/weave-gitops-enterprise/pkg/query/internal/models">
    <properties>
      <property name="go.version" value="go1.20.8"/>
      <property name="coverage.statements.pct" value="12.7"/>
    </properties>
  </testsuite>
  <testsuite tests="0" failures="0" time="0.034" name="github.com/weaveworks/weave-gitops-enterprise/pkg/query/objectscollector">
    <properties>
      <property name="go.version" value="go1.20.8"/>
      <property name="coverage.statements.pct" value="57.3"/>
    </properties>
  </testsuite>
  <testsuite tests="0" failures="0" time="0.036" name="github.com/weaveworks/weave-gitops-enterprise/pkg/query/rolecollector">
    <properties>
      <property name="go.version" value="go1.20.8"/>
      <property name="coverage.statements.pct" value="50.0"/>
    </properties>
  </testsuite>
  <testsuite tests="0" failures="0" time="0.059" name="github.com/weaveworks/weave-gitops-enterprise/pkg/query/server">
    <properties>
      <property name="go.version" value="go1.20.8"/>
      <property name="coverage.statements.pct" value="41.7"/>
    </properties>
  </testsuite>
  <testsuite tests="0" failures="0" time="0.490" name="github.com/weaveworks/weave-gitops-enterprise/pkg/query/store">
    <properties>
      <property name="go.version" value="go1.20.8"/>
      <property name="coverage.statements.pct" value="66.4"/>
    </properties>
  </testsuite>
  <testsuite tests="0" failures="0" time="0.062" name="github.com/weaveworks/weave-gitops-enterprise/pkg/services/profiles">
    <properties>
      <property name="go.version" value="go1.20.8"/>
      <property name="coverage.statements.pct" value="94.4"/>
    </properties>
  </testsuite>
  <testsuite tests="0" failures="0" time="0.062" name="github.com/weaveworks/weave-gitops-enterprise/pkg/tenancy">
    <properties>
      <property name="go.version" value="go1.20.8"/>
      <property name="coverage.statements.pct" value="84.7"/>
    </properties>
  </testsuite>
  <testsuite tests="0" failures="0" time="2.050" name="github.com/weaveworks/weave-gitops-enterprise/pkg/terraform">
    <properties>
      <property name="go.version" value="go1.20.8"/>
      <property name="coverage.statements.pct" value="69.1"/>
    </properties>
  </testsuite>
  <testsuite tests="0" failures="0" time="0.004" name="github.com/weaveworks/weave-gitops-enterprise/pkg/utilities/healthcheck">
    <properties>
      <property name="go.version" value="go1.20.8"/>
      <property name="coverage.statements.pct" value="85.7"/>
    </properties>
  </testsuite>
</testsuites>